d:\projects\cs2aetheris\cs2aetheris\x64\release\vc143.pdb
d:\projects\cs2aetheris\cs2aetheris\x64\release\main.obj
d:\projects\cs2aetheris\cs2aetheris\x64\release\kiero.obj
d:\projects\cs2aetheris\cs2aetheris\x64\release\imgui_widgets.obj
d:\projects\cs2aetheris\cs2aetheris\x64\release\imgui_impl_win32.obj
d:\projects\cs2aetheris\cs2aetheris\x64\release\imgui_impl_dx11.obj
d:\projects\cs2aetheris\cs2aetheris\x64\release\imgui_draw.obj
d:\projects\cs2aetheris\cs2aetheris\x64\release\imgui_demo.obj
d:\projects\cs2aetheris\cs2aetheris\x64\release\imgui.obj
d:\projects\cs2aetheris\cs2aetheris\x64\release\trampoline.obj
d:\projects\cs2aetheris\cs2aetheris\x64\release\hook.obj
d:\projects\cs2aetheris\cs2aetheris\x64\release\hde64.obj
d:\projects\cs2aetheris\cs2aetheris\x64\release\hde32.obj
d:\projects\cs2aetheris\cs2aetheris\x64\release\buffer.obj
d:\projects\cs2aetheris\cs2aetheris\x64\release\memorymodule.obj
d:\projects\cs2aetheris\cs2aetheris\x64\release\texteditor.obj
d:\projects\cs2aetheris\cs2aetheris\x64\release\api.obj
d:\projects\cs2aetheris\cs2aetheris\x64\release\imgui_hook.obj
d:\projects\cs2aetheris\cs2aetheris\x64\release\menusettings.obj
d:\projects\cs2aetheris\cs2aetheris\x64\release\minhook.res
d:\projects\cs2aetheris\cs2aetheris\x64\release\cs2aetheris.ipdb
d:\projects\cs2aetheris\cs2aetheris\x64\release\cs2aetheris.iobj
d:\projects\cs2aetheris\x64\release\cs2aetheris.pdb
d:\projects\cs2aetheris\cs2aetheris\x64\release\cs2aetheris.tlog\cl.command.1.tlog
d:\projects\cs2aetheris\cs2aetheris\x64\release\cs2aetheris.tlog\cl.items.tlog
d:\projects\cs2aetheris\cs2aetheris\x64\release\cs2aetheris.tlog\cl.read.1.tlog
d:\projects\cs2aetheris\cs2aetheris\x64\release\cs2aetheris.tlog\cl.write.1.tlog
d:\projects\cs2aetheris\cs2aetheris\x64\release\cs2aetheris.tlog\link.command.1.tlog
d:\projects\cs2aetheris\cs2aetheris\x64\release\cs2aetheris.tlog\link.read.1.tlog
d:\projects\cs2aetheris\cs2aetheris\x64\release\cs2aetheris.tlog\link.write.1.tlog
d:\projects\cs2aetheris\cs2aetheris\x64\release\cs2aetheris.tlog\rc.command.1.tlog
d:\projects\cs2aetheris\cs2aetheris\x64\release\cs2aetheris.tlog\rc.read.1.tlog
d:\projects\cs2aetheris\cs2aetheris\x64\release\cs2aetheris.tlog\rc.write.1.tlog
